[debug] [2024-09-10T18:00:10.359Z] ----------------------------------------------------------------------
[debug] [2024-09-10T18:00:10.361Z] Command:       /home/azamjon/.nvm/versions/node/v22.8.0/bin/node /home/azamjon/.nvm/versions/node/v22.8.0/bin/firebase init
[debug] [2024-09-10T18:00:10.362Z] CLI Version:   13.16.0
[debug] [2024-09-10T18:00:10.362Z] Platform:      linux
[debug] [2024-09-10T18:00:10.362Z] Node Version:  v22.8.0
[debug] [2024-09-10T18:00:10.362Z] Time:          Tue Sep 10 2024 23:00:10 GMT+0500 (O‘zbekiston standart vaqti)
[debug] [2024-09-10T18:00:10.362Z] ----------------------------------------------------------------------
[debug] 
[debug] [2024-09-10T18:00:10.368Z] > command requires scopes: ["email","openid","https://www.googleapis.com/auth/cloudplatformprojects.readonly","https://www.googleapis.com/auth/firebase","https://www.googleapis.com/auth/cloud-platform"]
[debug] [2024-09-10T18:00:10.369Z] > authorizing via signed-in user (azamjonqochqorov002@gmail.com)
[info] 
     ######## #### ########  ######## ########     ###     ######  ########
     ##        ##  ##     ## ##       ##     ##  ##   ##  ##       ##
     ######    ##  ########  ######   ########  #########  ######  ######
     ##        ##  ##    ##  ##       ##     ## ##     ##       ## ##
     ##       #### ##     ## ######## ########  ##     ##  ######  ########

You're about to initialize a Firebase project in this directory:

  /home/azamjon/Desktop/nextjs-monorepo/my-turborepo

[info] 
=== Project Setup
[info] 
[info] First, let's associate this project directory with a Firebase project.
[info] You can create multiple project aliases by running firebase use --add, 
[info] but for now we'll just set up a default project.
[info] 
[debug] [2024-09-10T18:00:21.510Z] >>> [apiv2][query] GET https://firebase.googleapis.com/v1beta1/projects pageSize=100
[debug] [2024-09-10T18:00:22.367Z] <<< [apiv2][status] GET https://firebase.googleapis.com/v1beta1/projects 200
[debug] [2024-09-10T18:00:22.367Z] <<< [apiv2][body] GET https://firebase.googleapis.com/v1beta1/projects [omitted]
[info] i  Using project monorepo-49250 (Monorepo) 
[info] 
=== Hosting Setup
[debug] [2024-09-10T18:00:26.214Z] >>> [apiv2][query] GET https://firebase.googleapis.com/v1beta1/projects/monorepo-49250 [none]
[debug] [2024-09-10T18:00:26.680Z] <<< [apiv2][status] GET https://firebase.googleapis.com/v1beta1/projects/monorepo-49250 200
[debug] [2024-09-10T18:00:26.680Z] <<< [apiv2][body] GET https://firebase.googleapis.com/v1beta1/projects/monorepo-49250 {"projectId":"monorepo-49250","projectNumber":"189319443863","displayName":"Monorepo","name":"projects/monorepo-49250","resources":{"hostingSite":"monorepo-49250"},"state":"ACTIVE","etag":"1_81d50fa8-b094-4541-a683-11b0ae2d7847"}
[info] 
[info] Your public directory is the folder (relative to your project directory) that
[info] will contain Hosting assets to be uploaded with firebase deploy. If you
[info] have a build process for your assets, use your build's output directory.
[info] 
[info] ✔  Wrote apps/web/public/404.html 
[debug] [2024-09-10T18:00:53.445Z] >>> [apiv2][query] GET https://www.gstatic.com/firebasejs/releases.json [none]
[debug] [2024-09-10T18:00:53.731Z] <<< [apiv2][status] GET https://www.gstatic.com/firebasejs/releases.json 200
[debug] [2024-09-10T18:00:53.732Z] <<< [apiv2][body] GET https://www.gstatic.com/firebasejs/releases.json {"current":{"version":"10.13.1","browserURL":"https://www.gstatic.com/firebasejs/10.13.1/firebase.js","packageURL":"https://www.gstatic.com/firebasejs/10.13.1/firebase.tgz"},"live":{"version":"10.13","browserURL":"https://www.gstatic.com/firebasejs/live/10.13/firebase.js","packageURL":"https://www.gstatic.com/firebasejs/live/10.13/firebase.tgz"},"components":{"analytics":"https://www.gstatic.com/firebasejs/10.13.1/firebase-analytics.js","app":"https://www.gstatic.com/firebasejs/10.13.1/firebase-app.js","app-check":"https://www.gstatic.com/firebasejs/10.13.1/firebase-app-check.js","auth":"https://www.gstatic.com/firebasejs/10.13.1/firebase-auth.js","auth/cordova":"https://www.gstatic.com/firebasejs/10.13.1/firebase-auth/cordova.js","auth/web-extension":"https://www.gstatic.com/firebasejs/10.13.1/firebase-auth/web-extension.js","functions":"https://www.gstatic.com/firebasejs/10.13.1/firebase-functions.js","firestore":"https://www.gstatic.com/firebasejs/10.13.1/firebase-firestore.js","firestore/lite":"https://www.gstatic.com/firebasejs/10.13.1/firebase-firestore/lite.js","installations":"https://www.gstatic.com/firebasejs/10.13.1/firebase-installations.js","storage":"https://www.gstatic.com/firebasejs/10.13.1/firebase-storage.js","performance":"https://www.gstatic.com/firebasejs/10.13.1/firebase-performance.js","remote-config":"https://www.gstatic.com/firebasejs/10.13.1/firebase-remote-config.js","messaging":"https://www.gstatic.com/firebasejs/10.13.1/firebase-messaging.js","messaging/sw":"https://www.gstatic.com/firebasejs/10.13.1/firebase-messaging/sw.js","database":"https://www.gstatic.com/firebasejs/10.13.1/firebase-database.js","vertexai-preview":"https://www.gstatic.com/firebasejs/10.13.1/firebase-vertexai-preview.js","firestore.memory":"https://www.gstatic.com/firebasejs/10.13.1/firebase-firestore.memory.js"}}
[info] ✔  Wrote apps/web/public/index.html 
[info] 
[info] i  Detected a .git folder at /home/azamjon/Desktop/nextjs-monorepo/my-turborepo 
[info] i  Authorizing with GitHub to upload your service account to a GitHub repository's secrets store. 
[info] 
[info] Visit this URL on this device to log in:
[info] https://github.com/login/oauth/authorize?client_id=89cf50f02ac6aaed3484&state=180573378&redirect_uri=http%3A%2F%2Flocalhost%3A9005&scope=read%3Auser%20repo%20public_repo
[info] 
[info] Waiting for authentication...
[debug] [2024-09-10T18:00:54.491Z] >>> [apiv2][query] POST https://github.com/login/oauth/access_token [none]
[debug] [2024-09-10T18:00:54.491Z] >>> [apiv2][body] POST https://github.com/login/oauth/access_token [stream]
[debug] [2024-09-10T18:00:55.066Z] <<< [apiv2][status] POST https://github.com/login/oauth/access_token 200
[debug] [2024-09-10T18:00:55.066Z] <<< [apiv2][body] POST https://github.com/login/oauth/access_token {"access_token":"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","token_type":"bearer","scope":"read:user,repo"}
[debug] [2024-09-10T18:00:55.070Z] >>> [apiv2][query] GET https://api.github.com/user [none]
[debug] [2024-09-10T18:00:55.707Z] <<< [apiv2][status] GET https://api.github.com/user 200
[debug] [2024-09-10T18:00:55.707Z] <<< [apiv2][body] GET https://api.github.com/user {"login":"azamjon002","id":102028895,"node_id":"U_kgDOBhTWXw","avatar_url":"https://avatars.githubusercontent.com/u/102028895?v=4","gravatar_id":"","url":"https://api.github.com/users/azamjon002","html_url":"https://github.com/azamjon002","followers_url":"https://api.github.com/users/azamjon002/followers","following_url":"https://api.github.com/users/azamjon002/following{/other_user}","gists_url":"https://api.github.com/users/azamjon002/gists{/gist_id}","starred_url":"https://api.github.com/users/azamjon002/starred{/owner}{/repo}","subscriptions_url":"https://api.github.com/users/azamjon002/subscriptions","organizations_url":"https://api.github.com/users/azamjon002/orgs","repos_url":"https://api.github.com/users/azamjon002/repos","events_url":"https://api.github.com/users/azamjon002/events{/privacy}","received_events_url":"https://api.github.com/users/azamjon002/received_events","type":"User","site_admin":false,"name":"A'zamjon","company":null,"blog":"azamjon.com","location":"Andijon","email":null,"hireable":null,"bio":null,"twitter_username":null,"notification_email":null,"public_repos":7,"public_gists":0,"followers":2,"following":3,"created_at":"2022-03-21T10:41:13Z","updated_at":"2024-09-01T14:13:19Z","private_gists":0,"total_private_repos":7,"owned_private_repos":7,"disk_usage":139198,"collaborators":6,"two_factor_authentication":true,"plan":{"name":"free","space":976562499,"collaborators":0,"private_repos":10000}}
[info] 
[info] ✔  Success! Logged into GitHub as azamjon002 
[info] 
